<?xml version="1.0" encoding="UTF-8"?>
<testsuite xmlns:xsi="http://www.w3.org/2001/XMLSchema-instance" xsi:noNamespaceSchemaLocation="https://maven.apache.org/surefire/maven-surefire-plugin/xsd/surefire-test-report.xsd" name="com.ymmihw.spring.mvc.validator.ClassValidationMvcIntegrationTest" time="1.651" tests="2" errors="0" skipped="0" failures="0">
  <properties>
    <property name="sun.desktop" value="windows"/>
    <property name="awt.toolkit" value="sun.awt.windows.WToolkit"/>
    <property name="file.encoding.pkg" value="sun.io"/>
    <property name="java.specification.version" value="1.8"/>
    <property name="sun.cpu.isalist" value="amd64"/>
    <property name="sun.jnu.encoding" value="GBK"/>
    <property name="java.class.path" value="E:\git\spring-mvc\spring-mvc-custom-validator\target\test-classes;E:\git\spring-mvc\spring-mvc-custom-validator\target\classes;P:\LocalRepository\org\springframework\boot\spring-boot-starter-validation\2.4.5\spring-boot-starter-validation-2.4.5.jar;P:\LocalRepository\org\springframework\boot\spring-boot-starter\2.4.5\spring-boot-starter-2.4.5.jar;P:\LocalRepository\org\springframework\boot\spring-boot\2.4.5\spring-boot-2.4.5.jar;P:\LocalRepository\org\springframework\boot\spring-boot-autoconfigure\2.4.5\spring-boot-autoconfigure-2.4.5.jar;P:\LocalRepository\org\springframework\boot\spring-boot-starter-logging\2.4.5\spring-boot-starter-logging-2.4.5.jar;P:\LocalRepository\ch\qos\logback\logback-classic\1.2.3\logback-classic-1.2.3.jar;P:\LocalRepository\ch\qos\logback\logback-core\1.2.3\logback-core-1.2.3.jar;P:\LocalRepository\org\apache\logging\log4j\log4j-to-slf4j\2.13.3\log4j-to-slf4j-2.13.3.jar;P:\LocalRepository\org\apache\logging\log4j\log4j-api\2.13.3\log4j-api-2.13.3.jar;P:\LocalRepository\org\slf4j\jul-to-slf4j\1.7.30\jul-to-slf4j-1.7.30.jar;P:\LocalRepository\jakarta\annotation\jakarta.annotation-api\1.3.5\jakarta.annotation-api-1.3.5.jar;P:\LocalRepository\org\yaml\snakeyaml\1.27\snakeyaml-1.27.jar;P:\LocalRepository\org\glassfish\jakarta.el\3.0.3\jakarta.el-3.0.3.jar;P:\LocalRepository\org\hibernate\validator\hibernate-validator\6.1.7.Final\hibernate-validator-6.1.7.Final.jar;P:\LocalRepository\jakarta\validation\jakarta.validation-api\2.0.2\jakarta.validation-api-2.0.2.jar;P:\LocalRepository\org\jboss\logging\jboss-logging\3.4.1.Final\jboss-logging-3.4.1.Final.jar;P:\LocalRepository\com\fasterxml\classmate\1.5.1\classmate-1.5.1.jar;P:\LocalRepository\org\springframework\boot\spring-boot-starter-web\2.4.5\spring-boot-starter-web-2.4.5.jar;P:\LocalRepository\org\springframework\boot\spring-boot-starter-json\2.4.5\spring-boot-starter-json-2.4.5.jar;P:\LocalRepository\com\fasterxml\jackson\core\jackson-databind\2.11.4\jackson-databind-2.11.4.jar;P:\LocalRepository\com\fasterxml\jackson\core\jackson-annotations\2.11.4\jackson-annotations-2.11.4.jar;P:\LocalRepository\com\fasterxml\jackson\core\jackson-core\2.11.4\jackson-core-2.11.4.jar;P:\LocalRepository\com\fasterxml\jackson\datatype\jackson-datatype-jdk8\2.11.4\jackson-datatype-jdk8-2.11.4.jar;P:\LocalRepository\com\fasterxml\jackson\datatype\jackson-datatype-jsr310\2.11.4\jackson-datatype-jsr310-2.11.4.jar;P:\LocalRepository\com\fasterxml\jackson\module\jackson-module-parameter-names\2.11.4\jackson-module-parameter-names-2.11.4.jar;P:\LocalRepository\org\springframework\boot\spring-boot-starter-tomcat\2.4.5\spring-boot-starter-tomcat-2.4.5.jar;P:\LocalRepository\org\apache\tomcat\embed\tomcat-embed-websocket\9.0.45\tomcat-embed-websocket-9.0.45.jar;P:\LocalRepository\org\springframework\spring-web\5.3.6\spring-web-5.3.6.jar;P:\LocalRepository\org\springframework\spring-beans\5.3.6\spring-beans-5.3.6.jar;P:\LocalRepository\org\springframework\spring-webmvc\5.3.6\spring-webmvc-5.3.6.jar;P:\LocalRepository\org\springframework\spring-aop\5.3.6\spring-aop-5.3.6.jar;P:\LocalRepository\org\springframework\spring-context\5.3.6\spring-context-5.3.6.jar;P:\LocalRepository\org\springframework\spring-expression\5.3.6\spring-expression-5.3.6.jar;P:\LocalRepository\org\apache\tomcat\embed\tomcat-embed-jasper\9.0.45\tomcat-embed-jasper-9.0.45.jar;P:\LocalRepository\org\apache\tomcat\embed\tomcat-embed-core\9.0.45\tomcat-embed-core-9.0.45.jar;P:\LocalRepository\org\apache\tomcat\tomcat-annotations-api\9.0.45\tomcat-annotations-api-9.0.45.jar;P:\LocalRepository\org\apache\tomcat\embed\tomcat-embed-el\9.0.45\tomcat-embed-el-9.0.45.jar;P:\LocalRepository\org\eclipse\jdt\ecj\3.18.0\ecj-3.18.0.jar;P:\LocalRepository\javax\servlet\jstl\1.2\jstl-1.2.jar;P:\LocalRepository\org\springframework\boot\spring-boot-starter-test\2.4.5\spring-boot-starter-test-2.4.5.jar;P:\LocalRepository\org\springframework\boot\spring-boot-test\2.4.5\spring-boot-test-2.4.5.jar;P:\LocalRepository\org\springframework\boot\spring-boot-test-autoconfigure\2.4.5\spring-boot-test-autoconfigure-2.4.5.jar;P:\LocalRepository\com\jayway\jsonpath\json-path\2.4.0\json-path-2.4.0.jar;P:\LocalRepository\net\minidev\json-smart\2.3\json-smart-2.3.jar;P:\LocalRepository\net\minidev\accessors-smart\1.2\accessors-smart-1.2.jar;P:\LocalRepository\org\ow2\asm\asm\5.0.4\asm-5.0.4.jar;P:\LocalRepository\org\slf4j\slf4j-api\1.7.30\slf4j-api-1.7.30.jar;P:\LocalRepository\jakarta\xml\bind\jakarta.xml.bind-api\2.3.3\jakarta.xml.bind-api-2.3.3.jar;P:\LocalRepository\jakarta\activation\jakarta.activation-api\1.2.2\jakarta.activation-api-1.2.2.jar;P:\LocalRepository\org\assertj\assertj-core\3.18.1\assertj-core-3.18.1.jar;P:\LocalRepository\org\hamcrest\hamcrest\2.2\hamcrest-2.2.jar;P:\LocalRepository\org\junit\jupiter\junit-jupiter\5.7.1\junit-jupiter-5.7.1.jar;P:\LocalRepository\org\junit\jupiter\junit-jupiter-api\5.7.1\junit-jupiter-api-5.7.1.jar;P:\LocalRepository\org\apiguardian\apiguardian-api\1.1.0\apiguardian-api-1.1.0.jar;P:\LocalRepository\org\opentest4j\opentest4j\1.2.0\opentest4j-1.2.0.jar;P:\LocalRepository\org\junit\platform\junit-platform-commons\1.7.1\junit-platform-commons-1.7.1.jar;P:\LocalRepository\org\junit\jupiter\junit-jupiter-params\5.7.1\junit-jupiter-params-5.7.1.jar;P:\LocalRepository\org\junit\jupiter\junit-jupiter-engine\5.7.1\junit-jupiter-engine-5.7.1.jar;P:\LocalRepository\org\junit\platform\junit-platform-engine\1.7.1\junit-platform-engine-1.7.1.jar;P:\LocalRepository\org\mockito\mockito-core\3.6.28\mockito-core-3.6.28.jar;P:\LocalRepository\net\bytebuddy\byte-buddy\1.10.22\byte-buddy-1.10.22.jar;P:\LocalRepository\net\bytebuddy\byte-buddy-agent\1.10.22\byte-buddy-agent-1.10.22.jar;P:\LocalRepository\org\objenesis\objenesis\3.1\objenesis-3.1.jar;P:\LocalRepository\org\mockito\mockito-junit-jupiter\3.6.28\mockito-junit-jupiter-3.6.28.jar;P:\LocalRepository\org\skyscreamer\jsonassert\1.5.0\jsonassert-1.5.0.jar;P:\LocalRepository\com\vaadin\external\google\android-json\0.0.20131108.vaadin1\android-json-0.0.20131108.vaadin1.jar;P:\LocalRepository\org\springframework\spring-core\5.3.6\spring-core-5.3.6.jar;P:\LocalRepository\org\springframework\spring-jcl\5.3.6\spring-jcl-5.3.6.jar;P:\LocalRepository\org\springframework\spring-test\5.3.6\spring-test-5.3.6.jar;P:\LocalRepository\org\xmlunit\xmlunit-core\2.7.0\xmlunit-core-2.7.0.jar;"/>
    <property name="java.vm.vendor" value="Oracle Corporation"/>
    <property name="sun.arch.data.model" value="64"/>
    <property name="user.variant" value=""/>
    <property name="java.vendor.url" value="http://java.oracle.com/"/>
    <property name="user.timezone" value="Asia/Shanghai"/>
    <property name="java.vm.specification.version" value="1.8"/>
    <property name="os.name" value="Windows 10"/>
    <property name="user.country" value="CN"/>
    <property name="sun.java.launcher" value="SUN_STANDARD"/>
    <property name="sun.boot.library.path" value="E:\soft\Java\jdk8_64\jre\bin"/>
    <property name="sun.java.command" value="C:\Users\10004160\AppData\Local\Temp\surefire1363058615493476674\surefirebooter6047307110812581934.jar C:\Users\10004160\AppData\Local\Temp\surefire1363058615493476674 2021-04-28T17-13-05_648-jvmRun1 surefire4035259661282858451tmp surefire_4432879979473296758tmp"/>
    <property name="surefire.test.class.path" value="E:\git\spring-mvc\spring-mvc-custom-validator\target\test-classes;E:\git\spring-mvc\spring-mvc-custom-validator\target\classes;P:\LocalRepository\org\springframework\boot\spring-boot-starter-validation\2.4.5\spring-boot-starter-validation-2.4.5.jar;P:\LocalRepository\org\springframework\boot\spring-boot-starter\2.4.5\spring-boot-starter-2.4.5.jar;P:\LocalRepository\org\springframework\boot\spring-boot\2.4.5\spring-boot-2.4.5.jar;P:\LocalRepository\org\springframework\boot\spring-boot-autoconfigure\2.4.5\spring-boot-autoconfigure-2.4.5.jar;P:\LocalRepository\org\springframework\boot\spring-boot-starter-logging\2.4.5\spring-boot-starter-logging-2.4.5.jar;P:\LocalRepository\ch\qos\logback\logback-classic\1.2.3\logback-classic-1.2.3.jar;P:\LocalRepository\ch\qos\logback\logback-core\1.2.3\logback-core-1.2.3.jar;P:\LocalRepository\org\apache\logging\log4j\log4j-to-slf4j\2.13.3\log4j-to-slf4j-2.13.3.jar;P:\LocalRepository\org\apache\logging\log4j\log4j-api\2.13.3\log4j-api-2.13.3.jar;P:\LocalRepository\org\slf4j\jul-to-slf4j\1.7.30\jul-to-slf4j-1.7.30.jar;P:\LocalRepository\jakarta\annotation\jakarta.annotation-api\1.3.5\jakarta.annotation-api-1.3.5.jar;P:\LocalRepository\org\yaml\snakeyaml\1.27\snakeyaml-1.27.jar;P:\LocalRepository\org\glassfish\jakarta.el\3.0.3\jakarta.el-3.0.3.jar;P:\LocalRepository\org\hibernate\validator\hibernate-validator\6.1.7.Final\hibernate-validator-6.1.7.Final.jar;P:\LocalRepository\jakarta\validation\jakarta.validation-api\2.0.2\jakarta.validation-api-2.0.2.jar;P:\LocalRepository\org\jboss\logging\jboss-logging\3.4.1.Final\jboss-logging-3.4.1.Final.jar;P:\LocalRepository\com\fasterxml\classmate\1.5.1\classmate-1.5.1.jar;P:\LocalRepository\org\springframework\boot\spring-boot-starter-web\2.4.5\spring-boot-starter-web-2.4.5.jar;P:\LocalRepository\org\springframework\boot\spring-boot-starter-json\2.4.5\spring-boot-starter-json-2.4.5.jar;P:\LocalRepository\com\fasterxml\jackson\core\jackson-databind\2.11.4\jackson-databind-2.11.4.jar;P:\LocalRepository\com\fasterxml\jackson\core\jackson-annotations\2.11.4\jackson-annotations-2.11.4.jar;P:\LocalRepository\com\fasterxml\jackson\core\jackson-core\2.11.4\jackson-core-2.11.4.jar;P:\LocalRepository\com\fasterxml\jackson\datatype\jackson-datatype-jdk8\2.11.4\jackson-datatype-jdk8-2.11.4.jar;P:\LocalRepository\com\fasterxml\jackson\datatype\jackson-datatype-jsr310\2.11.4\jackson-datatype-jsr310-2.11.4.jar;P:\LocalRepository\com\fasterxml\jackson\module\jackson-module-parameter-names\2.11.4\jackson-module-parameter-names-2.11.4.jar;P:\LocalRepository\org\springframework\boot\spring-boot-starter-tomcat\2.4.5\spring-boot-starter-tomcat-2.4.5.jar;P:\LocalRepository\org\apache\tomcat\embed\tomcat-embed-websocket\9.0.45\tomcat-embed-websocket-9.0.45.jar;P:\LocalRepository\org\springframework\spring-web\5.3.6\spring-web-5.3.6.jar;P:\LocalRepository\org\springframework\spring-beans\5.3.6\spring-beans-5.3.6.jar;P:\LocalRepository\org\springframework\spring-webmvc\5.3.6\spring-webmvc-5.3.6.jar;P:\LocalRepository\org\springframework\spring-aop\5.3.6\spring-aop-5.3.6.jar;P:\LocalRepository\org\springframework\spring-context\5.3.6\spring-context-5.3.6.jar;P:\LocalRepository\org\springframework\spring-expression\5.3.6\spring-expression-5.3.6.jar;P:\LocalRepository\org\apache\tomcat\embed\tomcat-embed-jasper\9.0.45\tomcat-embed-jasper-9.0.45.jar;P:\LocalRepository\org\apache\tomcat\embed\tomcat-embed-core\9.0.45\tomcat-embed-core-9.0.45.jar;P:\LocalRepository\org\apache\tomcat\tomcat-annotations-api\9.0.45\tomcat-annotations-api-9.0.45.jar;P:\LocalRepository\org\apache\tomcat\embed\tomcat-embed-el\9.0.45\tomcat-embed-el-9.0.45.jar;P:\LocalRepository\org\eclipse\jdt\ecj\3.18.0\ecj-3.18.0.jar;P:\LocalRepository\javax\servlet\jstl\1.2\jstl-1.2.jar;P:\LocalRepository\org\springframework\boot\spring-boot-starter-test\2.4.5\spring-boot-starter-test-2.4.5.jar;P:\LocalRepository\org\springframework\boot\spring-boot-test\2.4.5\spring-boot-test-2.4.5.jar;P:\LocalRepository\org\springframework\boot\spring-boot-test-autoconfigure\2.4.5\spring-boot-test-autoconfigure-2.4.5.jar;P:\LocalRepository\com\jayway\jsonpath\json-path\2.4.0\json-path-2.4.0.jar;P:\LocalRepository\net\minidev\json-smart\2.3\json-smart-2.3.jar;P:\LocalRepository\net\minidev\accessors-smart\1.2\accessors-smart-1.2.jar;P:\LocalRepository\org\ow2\asm\asm\5.0.4\asm-5.0.4.jar;P:\LocalRepository\org\slf4j\slf4j-api\1.7.30\slf4j-api-1.7.30.jar;P:\LocalRepository\jakarta\xml\bind\jakarta.xml.bind-api\2.3.3\jakarta.xml.bind-api-2.3.3.jar;P:\LocalRepository\jakarta\activation\jakarta.activation-api\1.2.2\jakarta.activation-api-1.2.2.jar;P:\LocalRepository\org\assertj\assertj-core\3.18.1\assertj-core-3.18.1.jar;P:\LocalRepository\org\hamcrest\hamcrest\2.2\hamcrest-2.2.jar;P:\LocalRepository\org\junit\jupiter\junit-jupiter\5.7.1\junit-jupiter-5.7.1.jar;P:\LocalRepository\org\junit\jupiter\junit-jupiter-api\5.7.1\junit-jupiter-api-5.7.1.jar;P:\LocalRepository\org\apiguardian\apiguardian-api\1.1.0\apiguardian-api-1.1.0.jar;P:\LocalRepository\org\opentest4j\opentest4j\1.2.0\opentest4j-1.2.0.jar;P:\LocalRepository\org\junit\platform\junit-platform-commons\1.7.1\junit-platform-commons-1.7.1.jar;P:\LocalRepository\org\junit\jupiter\junit-jupiter-params\5.7.1\junit-jupiter-params-5.7.1.jar;P:\LocalRepository\org\junit\jupiter\junit-jupiter-engine\5.7.1\junit-jupiter-engine-5.7.1.jar;P:\LocalRepository\org\junit\platform\junit-platform-engine\1.7.1\junit-platform-engine-1.7.1.jar;P:\LocalRepository\org\mockito\mockito-core\3.6.28\mockito-core-3.6.28.jar;P:\LocalRepository\net\bytebuddy\byte-buddy\1.10.22\byte-buddy-1.10.22.jar;P:\LocalRepository\net\bytebuddy\byte-buddy-agent\1.10.22\byte-buddy-agent-1.10.22.jar;P:\LocalRepository\org\objenesis\objenesis\3.1\objenesis-3.1.jar;P:\LocalRepository\org\mockito\mockito-junit-jupiter\3.6.28\mockito-junit-jupiter-3.6.28.jar;P:\LocalRepository\org\skyscreamer\jsonassert\1.5.0\jsonassert-1.5.0.jar;P:\LocalRepository\com\vaadin\external\google\android-json\0.0.20131108.vaadin1\android-json-0.0.20131108.vaadin1.jar;P:\LocalRepository\org\springframework\spring-core\5.3.6\spring-core-5.3.6.jar;P:\LocalRepository\org\springframework\spring-jcl\5.3.6\spring-jcl-5.3.6.jar;P:\LocalRepository\org\springframework\spring-test\5.3.6\spring-test-5.3.6.jar;P:\LocalRepository\org\xmlunit\xmlunit-core\2.7.0\xmlunit-core-2.7.0.jar;"/>
    <property name="sun.cpu.endian" value="little"/>
    <property name="user.home" value="C:\Users\10004160"/>
    <property name="user.language" value="zh"/>
    <property name="java.specification.vendor" value="Oracle Corporation"/>
    <property name="java.home" value="E:\soft\Java\jdk8_64\jre"/>
    <property name="basedir" value="E:\git\spring-mvc\spring-mvc-custom-validator"/>
    <property name="file.separator" value="\"/>
    <property name="line.separator" value="&#10;"/>
    <property name="java.vm.specification.vendor" value="Oracle Corporation"/>
    <property name="java.specification.name" value="Java Platform API Specification"/>
    <property name="java.awt.graphicsenv" value="sun.awt.Win32GraphicsEnvironment"/>
    <property name="surefire.real.class.path" value="C:\Users\10004160\AppData\Local\Temp\surefire1363058615493476674\surefirebooter6047307110812581934.jar"/>
    <property name="sun.boot.class.path" value="E:\soft\Java\jdk8_64\jre\lib\resources.jar;E:\soft\Java\jdk8_64\jre\lib\rt.jar;E:\soft\Java\jdk8_64\jre\lib\sunrsasign.jar;E:\soft\Java\jdk8_64\jre\lib\jsse.jar;E:\soft\Java\jdk8_64\jre\lib\jce.jar;E:\soft\Java\jdk8_64\jre\lib\charsets.jar;E:\soft\Java\jdk8_64\jre\lib\jfr.jar;E:\soft\Java\jdk8_64\jre\classes"/>
    <property name="user.script" value=""/>
    <property name="sun.management.compiler" value="HotSpot 64-Bit Tiered Compilers"/>
    <property name="java.runtime.version" value="1.8.0_271-b09"/>
    <property name="user.name" value="10004160"/>
    <property name="path.separator" value=";"/>
    <property name="os.version" value="10.0"/>
    <property name="java.endorsed.dirs" value="E:\soft\Java\jdk8_64\jre\lib\endorsed"/>
    <property name="java.runtime.name" value="Java(TM) SE Runtime Environment"/>
    <property name="file.encoding" value="GBK"/>
    <property name="java.vm.name" value="Java HotSpot(TM) 64-Bit Server VM"/>
    <property name="localRepository" value="P:\LocalRepository"/>
    <property name="java.vendor.url.bug" value="http://bugreport.sun.com/bugreport/"/>
    <property name="java.io.tmpdir" value="C:\Users\10004160\AppData\Local\Temp\"/>
    <property name="java.version" value="1.8.0_271"/>
    <property name="user.dir" value="E:\git\spring-mvc\spring-mvc-custom-validator"/>
    <property name="os.arch" value="amd64"/>
    <property name="java.vm.specification.name" value="Java Virtual Machine Specification"/>
    <property name="java.awt.printerjob" value="sun.awt.windows.WPrinterJob"/>
    <property name="sun.os.patch.level" value=""/>
    <property name="java.library.path" value="E:\soft\Java\jdk8_64\jre\bin;C:\Windows\Sun\Java\bin;C:\Windows\system32;C:\Windows;E:/soft/eclipse//plugins/org.eclipse.justj.openjdk.hotspot.jre.full.win32.x86_64_15.0.2.v20210201-0955/jre/bin/server;E:/soft/eclipse//plugins/org.eclipse.justj.openjdk.hotspot.jre.full.win32.x86_64_15.0.2.v20210201-0955/jre/bin;C:\Program Files\Python37\Scripts\;C:\Program Files\Python37\;C:\Program Files\Common Files\Oracle\Java\javapath;C:\Program Files (x86)\Common Files\Oracle\Java\javapath;C:\Windows\system32;C:\Windows;C:\Windows\System32\Wbem;C:\Windows\System32\WindowsPowerShell\v1.0\;C:\Windows\System32\OpenSSH\;C:\Program Files\TortoiseSVN\bin;C:\Program Files\TortoiseGit\bin;C:\Program Files\Java\jdk1.8.0_261\bin;C:\Program Files\Java\jdk1.8.0_261\jre\bin;C:\Program Files (x86)\apache-maven-3.6.3\bin;C:\Program Files\nodejs\;C:\Go\bin;%SCALA_HOME%\bin;C:\Python27;C:\Python27\Scripts;C:\Program Files\dotnet\;C:\Program Files\Microsoft SQL Server\130\Tools\Binn\;C:\Program Files\Docker\Docker\resources\bin;C:\ProgramData\DockerDesktop\version-bin;C:\Program Files\Git\cmd;C:\Program Files (x86)\scala-2.12.3\bin;&quot;P:\nodejs\;P:\nodejs\node_modules;P:\nodejs\node_modules\npm\node_global_modules\;&quot;;C:\Program Files\groovy-3.0.5\bin;C:\Program Files\Citrix\System32\;C:\Program Files\Citrix\ICAService\;C:\Program Files (x86)\NetSarang\Xftp 7\;C:\Users\10004160\AppData\Local\Microsoft\WindowsApps;E:\soft\ArangoDB3-client 3.7.2/usr\bin;E:\soft\apache-maven\bin;E:\soft\spark-2.4.7-bin-hadoop2.7\bin;E:\soft\scala\bin;E:\soft\gradle-6.7.1\bin;;E:\soft\eclipse;;."/>
    <property name="java.vm.info" value="mixed mode"/>
    <property name="java.vendor" value="Oracle Corporation"/>
    <property name="java.vm.version" value="25.271-b09"/>
    <property name="java.ext.dirs" value="E:\soft\Java\jdk8_64\jre\lib\ext;C:\Windows\Sun\Java\lib\ext"/>
    <property name="sun.io.unicode.encoding" value="UnicodeLittle"/>
    <property name="java.class.version" value="52.0"/>
  </properties>
  <testcase name="givenMatchingEmailPassword_whenPostNewUserForm_thenOk" classname="com.ymmihw.spring.mvc.validator.ClassValidationMvcIntegrationTest" time="1.578"/>
  <testcase name="givenNotMatchingEmailPassword_whenPostNewUserForm_thenOk" classname="com.ymmihw.spring.mvc.validator.ClassValidationMvcIntegrationTest" time="0.057"/>
</testsuite>